<?xml version="1.0" encoding="UTF-8"?>
<!-- Generated by org.testng.reporters.JUnitXMLReporter -->
<testsuite ignored="0" hostname="DESKTOP-RCCV6C2" failures="0" tests="3" name="Default test" time="9.94" errors="0" timestamp="2024-10-12T17:45:18 IST">
  <testcase classname="api.test.DDTests" name="testPostUser" time="5.854"/>
  <testcase classname="api.test.DDTests" name="testPostUser" time="1.136"/>
  <testcase classname="api.test.DDTests" name="testPostUser" time="1.127"/>
</testsuite> <!-- Default test -->
