<?xml version="1.0" encoding="UTF-8"?>
<!-- Generated by org.testng.reporters.JUnitXMLReporter -->
<testsuite ignored="2" hostname="DESKTOP-RCCV6C2" failures="5" tests="35" name="Test" time="138.573" errors="0" timestamp="2024-12-04T22:10:33 IST">
  <testcase classname="com.mk.testcases.Herokuapptestcases" name="addRemoveElements" time="5.777">
    <failure type="java.lang.AssertionError" message="Number of &amp;apos;Delete&amp;apos; buttons remaining is incorrect. expected [3] but found [2]">
      <![CDATA[java.lang.AssertionError: Number of 'Delete' buttons remaining is incorrect. expected [3] but found [2]
at com.mk.testcases.Herokuapptestcases.addRemoveElements(Herokuapptestcases.java:89)
at java.base/java.util.ArrayList.forEach(ArrayList.java:1597)
... Removed 30 stack frames]]>
    </failure>
  </testcase> <!-- addRemoveElements -->
  <testcase classname="com.mk.testcases.Herokuapptestcases" name="checkFirstRowData" time="1.292"/>
  <testcase classname="com.mk.testcases.Herokuapptestcases" name="getextfromShadowDOM" time="0.843"/>
  <testcase classname="com.mk.testcases.Herokuapptestcases" name="testCheckboxRemoveAndAdd" time="8.082"/>
  <testcase classname="com.mk.testcases.Herokuapptestcases" name="testNewWindowText" time="2.056"/>
  <testcase classname="com.mk.testcases.Herokuapptestcases" name="testShadowDom" time="0.666"/>
  <testcase classname="com.mk.testcases.Herokuapptestcases" name="testTableHeaders" time="1.301"/>
  <testcase classname="com.mk.testcases.Herokuapptestcases" name="validateBrokenImages" time="4.018"/>
  <testcase classname="com.mk.testcases.Herokuapptestcases" name="validateCheckboxes" time="1.665"/>
  <testcase classname="com.mk.testcases.Herokuapptestcases" name="validateContextMenuAlert" time="1.387">
    <failure type="java.lang.AssertionError" message="Alert not accepted.">
      <![CDATA[java.lang.AssertionError: Alert not accepted.
at com.mk.testcases.Herokuapptestcases.validateContextMenuAlert(Herokuapptestcases.java:351)
at java.base/java.util.ArrayList.forEach(ArrayList.java:1597)
... Removed 26 stack frames]]>
    </failure>
  </testcase> <!-- validateContextMenuAlert -->
  <testcase classname="com.mk.testcases.Herokuapptestcases" name="validateDragAndDrop" time="1.086"/>
  <testcase classname="com.mk.testcases.Herokuapptestcases" name="validateDropdown" time="1.243"/>
  <testcase classname="com.mk.testcases.Herokuapptestcases" name="validateEmailColumnFormat" time="1.505"/>
  <testcase classname="com.mk.testcases.Herokuapptestcases" name="validateFileUpload" time="1.928"/>
  <testcase classname="com.mk.testcases.Herokuapptestcases" name="validateJSAlert" time="1.002"/>
  <testcase classname="com.mk.testcases.Herokuapptestcases" name="validateJSConfirm" time="1.1"/>
  <testcase classname="com.mk.testcases.Herokuapptestcases" name="validateJSPrompt" time="1.749"/>
  <testcase classname="com.mk.testcases.Herokuapptestcases" name="validateLastNameSorting" time="1.128"/>
  <testcase classname="com.mk.testcases.Herokuapptestcases" name="validateTinyMceEditor" time="2.172"/>
  <testcase classname="com.mk.testcases.Herokuapptestcases" name="verifyTextInFrames" time="2.946"/>
  <testcase classname="com.mk.testcases.LoginTest" name="loginTest" time="2.275"/>
  <testcase classname="com.mk.testcases.LoginTest" name="loginTest" time="2.979"/>
  <testcase classname="com.mk.testcases.LoginTest" name="loginTest" time="2.134"/>
  <testcase classname="com.mk.testcases.LoginTest" name="loginTest" time="2.173"/>
  <testcase classname="com.mk.testcases.LoginTest" name="loginTest" time="12.39"/>
  <testcase classname="com.mk.testcases.DashboardTest" name="TC_1" time="0.356"/>
  <testcase classname="com.mk.testcases.DashboardTest" name="TC_10" time="1.168"/>
  <testcase classname="com.mk.testcases.DashboardTest" name="TC_2" time="1.068"/>
  <testcase classname="com.mk.testcases.DashboardTest" name="TC_3" time="1.761"/>
  <testcase classname="com.mk.testcases.DashboardTest" name="TC_4" time="3.31">
    <failure type="java.lang.AssertionError" message="Assign Leave header text should be same. expected [Assign Leav] but found [Assign Leave]">
      <![CDATA[java.lang.AssertionError: Assign Leave header text should be same. expected [Assign Leav] but found [Assign Leave]
at com.mk.testcases.DashboardTest.TC_4(DashboardTest.java:148)
at java.base/java.util.ArrayList.forEach(ArrayList.java:1597)
... Removed 30 stack frames]]>
    </failure>
  </testcase> <!-- TC_4 -->
  <testcase classname="com.mk.testcases.DashboardTest" name="TC_5" time="2.696"/>
  <testcase classname="com.mk.testcases.DashboardTest" name="TC_6" time="2.827">
    <failure type="java.lang.AssertionError" message="Timesheet header text should match. expected [Timesheet] but found [Timesheets]">
      <![CDATA[java.lang.AssertionError: Timesheet header text should match. expected [Timesheet] but found [Timesheets]
at com.mk.testcases.DashboardTest.TC_6(DashboardTest.java:205)
at java.base/java.util.ArrayList.forEach(ArrayList.java:1597)
... Removed 30 stack frames]]>
    </failure>
  </testcase> <!-- TC_6 -->
  <testcase classname="com.mk.testcases.DashboardTest" name="TC_7" time="2.984"/>
  <testcase classname="com.mk.testcases.DashboardTest" name="TC_8" time="2.732">
    <failure type="java.lang.AssertionError" message="My Leave List header text should match. expected [My Leave Lis] but found [My Leave List]">
      <![CDATA[java.lang.AssertionError: My Leave List header text should match. expected [My Leave Lis] but found [My Leave List]
at com.mk.testcases.DashboardTest.TC_8(DashboardTest.java:258)
at java.base/java.util.ArrayList.forEach(ArrayList.java:1597)
... Removed 30 stack frames]]>
    </failure>
  </testcase> <!-- TC_8 -->
  <testcase classname="com.mk.testcases.DashboardTest" name="TC_9" time="2.953"/>
  <testcase classname="com.mk.base.BaseTest" name="@AfterSuite aftersuite" time="0.0">
    <ignored/>
  </testcase> <!-- @AfterSuite aftersuite -->
  <testcase classname="com.mk.base.BaseTest" name="@AfterSuite aftersuite" time="0.0">
    <ignored/>
  </testcase> <!-- @AfterSuite aftersuite -->
</testsuite> <!-- Test -->
