<?xml version="1.0" encoding="UTF-8"?>
<!-- Generated by org.testng.reporters.JUnitXMLReporter -->
<testsuite ignored="0" hostname="DESKTOP-RCCV6C2" failures="0" tests="4" name="Test" time="13.345" errors="0" timestamp="2024-10-13T11:55:27 IST">
  <testcase classname="api.test.UserTests" name="testPostUser" time="7.261"/>
  <testcase classname="api.test.UserTests" name="testGetUserByName" time="1.221"/>
  <testcase classname="api.test.UserTests" name="testupdateUserByName" time="2.261"/>
  <testcase classname="api.test.UserTests" name="testDeleteUserByName" time="1.128"/>
</testsuite> <!-- Test -->
