<?xml version="1.0" encoding="UTF-8"?>
<!-- Generated by org.testng.reporters.JUnitXMLReporter -->
<testsuite ignored="0" hostname="DESKTOP-RCCV6C2" failures="0" tests="7" name="Surefire test" time="17.644" errors="0" timestamp="2024-10-13T10:56:18 IST">
  <testcase classname="api.test.DDTests" name="testPostUser" time="6.064"/>
  <testcase classname="api.test.DDTests" name="testPostUser" time="1.195"/>
  <testcase classname="api.test.DDTests" name="testPostUser" time="1.144"/>
  <testcase classname="api.test.UserTests" name="testPostUser" time="1.212"/>
  <testcase classname="api.test.UserTests" name="testGetUserByName" time="1.165"/>
  <testcase classname="api.test.UserTests" name="testupdateUserByName" time="2.225"/>
  <testcase classname="api.test.UserTests" name="testDeleteUserByName" time="1.143"/>
</testsuite> <!-- Surefire test -->
