<?xml version="1.0" encoding="UTF-8"?>
<testng-results ignored="2" total="37" passed="30" failed="5" skipped="0">
  <reporter-output>
  </reporter-output>
  <suite started-at="2024-12-04T22:08:14 IST" name="Suite" finished-at="2024-12-04T22:10:33 IST" duration-ms="138573">
    <groups>
      <group name="Regression">
        <method signature="DashboardTest.TC_1()[pri:0, instance:com.mk.testcases.DashboardTest@62163b39]" name="TC_1" class="com.mk.testcases.DashboardTest"/>
        <method signature="DashboardTest.TC_10()[pri:0, instance:com.mk.testcases.DashboardTest@62163b39]" name="TC_10" class="com.mk.testcases.DashboardTest"/>
        <method signature="DashboardTest.TC_4()[pri:0, instance:com.mk.testcases.DashboardTest@62163b39]" name="TC_4" class="com.mk.testcases.DashboardTest"/>
        <method signature="DashboardTest.TC_8()[pri:0, instance:com.mk.testcases.DashboardTest@62163b39]" name="TC_8" class="com.mk.testcases.DashboardTest"/>
        <method signature="DashboardTest.TC_9()[pri:0, instance:com.mk.testcases.DashboardTest@62163b39]" name="TC_9" class="com.mk.testcases.DashboardTest"/>
        <method signature="Herokuapptestcases.checkFirstRowData()[pri:0, instance:com.mk.testcases.Herokuapptestcases@57fd91c9]" name="checkFirstRowData" class="com.mk.testcases.Herokuapptestcases"/>
        <method signature="Herokuapptestcases.testCheckboxRemoveAndAdd()[pri:0, instance:com.mk.testcases.Herokuapptestcases@57fd91c9]" name="testCheckboxRemoveAndAdd" class="com.mk.testcases.Herokuapptestcases"/>
        <method signature="Herokuapptestcases.testNewWindowText()[pri:0, instance:com.mk.testcases.Herokuapptestcases@57fd91c9]" name="testNewWindowText" class="com.mk.testcases.Herokuapptestcases"/>
        <method signature="Herokuapptestcases.testShadowDom()[pri:0, instance:com.mk.testcases.Herokuapptestcases@57fd91c9]" name="testShadowDom" class="com.mk.testcases.Herokuapptestcases"/>
        <method signature="Herokuapptestcases.testTableHeaders()[pri:0, instance:com.mk.testcases.Herokuapptestcases@57fd91c9]" name="testTableHeaders" class="com.mk.testcases.Herokuapptestcases"/>
        <method signature="Herokuapptestcases.validateCheckboxes()[pri:0, instance:com.mk.testcases.Herokuapptestcases@57fd91c9]" name="validateCheckboxes" class="com.mk.testcases.Herokuapptestcases"/>
        <method signature="Herokuapptestcases.validateDragAndDrop()[pri:0, instance:com.mk.testcases.Herokuapptestcases@57fd91c9]" name="validateDragAndDrop" class="com.mk.testcases.Herokuapptestcases"/>
        <method signature="Herokuapptestcases.validateEmailColumnFormat()[pri:0, instance:com.mk.testcases.Herokuapptestcases@57fd91c9]" name="validateEmailColumnFormat" class="com.mk.testcases.Herokuapptestcases"/>
        <method signature="Herokuapptestcases.validateFileUpload()[pri:0, instance:com.mk.testcases.Herokuapptestcases@57fd91c9]" name="validateFileUpload" class="com.mk.testcases.Herokuapptestcases"/>
        <method signature="Herokuapptestcases.validateJSAlert()[pri:0, instance:com.mk.testcases.Herokuapptestcases@57fd91c9]" name="validateJSAlert" class="com.mk.testcases.Herokuapptestcases"/>
        <method signature="Herokuapptestcases.validateJSConfirm()[pri:0, instance:com.mk.testcases.Herokuapptestcases@57fd91c9]" name="validateJSConfirm" class="com.mk.testcases.Herokuapptestcases"/>
        <method signature="Herokuapptestcases.validateJSPrompt()[pri:0, instance:com.mk.testcases.Herokuapptestcases@57fd91c9]" name="validateJSPrompt" class="com.mk.testcases.Herokuapptestcases"/>
        <method signature="Herokuapptestcases.validateLastNameSorting()[pri:0, instance:com.mk.testcases.Herokuapptestcases@57fd91c9]" name="validateLastNameSorting" class="com.mk.testcases.Herokuapptestcases"/>
        <method signature="Herokuapptestcases.validateTinyMceEditor()[pri:0, instance:com.mk.testcases.Herokuapptestcases@57fd91c9]" name="validateTinyMceEditor" class="com.mk.testcases.Herokuapptestcases"/>
        <method signature="Herokuapptestcases.verifyTextInFrames()[pri:0, instance:com.mk.testcases.Herokuapptestcases@57fd91c9]" name="verifyTextInFrames" class="com.mk.testcases.Herokuapptestcases"/>
      </group> <!-- Regression -->
      <group name="Smoke">
        <method signature="DashboardTest.TC_2()[pri:0, instance:com.mk.testcases.DashboardTest@62163b39]" name="TC_2" class="com.mk.testcases.DashboardTest"/>
        <method signature="DashboardTest.TC_3()[pri:0, instance:com.mk.testcases.DashboardTest@62163b39]" name="TC_3" class="com.mk.testcases.DashboardTest"/>
        <method signature="DashboardTest.TC_5()[pri:0, instance:com.mk.testcases.DashboardTest@62163b39]" name="TC_5" class="com.mk.testcases.DashboardTest"/>
        <method signature="DashboardTest.TC_6()[pri:0, instance:com.mk.testcases.DashboardTest@62163b39]" name="TC_6" class="com.mk.testcases.DashboardTest"/>
        <method signature="DashboardTest.TC_7()[pri:0, instance:com.mk.testcases.DashboardTest@62163b39]" name="TC_7" class="com.mk.testcases.DashboardTest"/>
        <method signature="Herokuapptestcases.addRemoveElements()[pri:0, instance:com.mk.testcases.Herokuapptestcases@57fd91c9]" name="addRemoveElements" class="com.mk.testcases.Herokuapptestcases"/>
        <method signature="Herokuapptestcases.getextfromShadowDOM()[pri:0, instance:com.mk.testcases.Herokuapptestcases@57fd91c9]" name="getextfromShadowDOM" class="com.mk.testcases.Herokuapptestcases"/>
        <method signature="Herokuapptestcases.validateBrokenImages()[pri:0, instance:com.mk.testcases.Herokuapptestcases@57fd91c9]" name="validateBrokenImages" class="com.mk.testcases.Herokuapptestcases"/>
        <method signature="Herokuapptestcases.validateContextMenuAlert()[pri:0, instance:com.mk.testcases.Herokuapptestcases@57fd91c9]" name="validateContextMenuAlert" class="com.mk.testcases.Herokuapptestcases"/>
        <method signature="Herokuapptestcases.validateDropdown()[pri:0, instance:com.mk.testcases.Herokuapptestcases@57fd91c9]" name="validateDropdown" class="com.mk.testcases.Herokuapptestcases"/>
      </group> <!-- Smoke -->
    </groups>
    <test started-at="2024-12-04T22:08:14 IST" name="Test" finished-at="2024-12-04T22:10:33 IST" duration-ms="138573">
      <class name="com.mk.testcases.DashboardTest">
        <test-method is-config="true" signature="setUp()[pri:0, instance:com.mk.testcases.DashboardTest@62163b39]" started-at="2024-12-04T22:09:43 IST" name="setUp" finished-at="2024-12-04T22:10:04 IST" duration-ms="20536" status="PASS">
          <reporter-output>
          </reporter-output>
        </test-method> <!-- setUp -->
        <test-method signature="TC_1()[pri:0, instance:com.mk.testcases.DashboardTest@62163b39]" started-at="2024-12-04T22:10:04 IST" name="TC_1" finished-at="2024-12-04T22:10:04 IST" duration-ms="356" status="PASS">
          <reporter-output>
          </reporter-output>
        </test-method> <!-- TC_1 -->
        <test-method is-config="true" signature="navigateToDashboard()[pri:0, instance:com.mk.testcases.DashboardTest@62163b39]" started-at="2024-12-04T22:10:04 IST" name="navigateToDashboard" finished-at="2024-12-04T22:10:05 IST" duration-ms="875" status="PASS">
          <reporter-output>
          </reporter-output>
        </test-method> <!-- navigateToDashboard -->
        <test-method signature="TC_10()[pri:0, instance:com.mk.testcases.DashboardTest@62163b39]" started-at="2024-12-04T22:10:05 IST" name="TC_10" finished-at="2024-12-04T22:10:06 IST" duration-ms="1168" status="PASS">
          <reporter-output>
          </reporter-output>
        </test-method> <!-- TC_10 -->
        <test-method is-config="true" signature="navigateToDashboard()[pri:0, instance:com.mk.testcases.DashboardTest@62163b39]" started-at="2024-12-04T22:10:06 IST" name="navigateToDashboard" finished-at="2024-12-04T22:10:07 IST" duration-ms="455" status="PASS">
          <reporter-output>
          </reporter-output>
        </test-method> <!-- navigateToDashboard -->
        <test-method signature="TC_2()[pri:0, instance:com.mk.testcases.DashboardTest@62163b39]" started-at="2024-12-04T22:10:07 IST" name="TC_2" finished-at="2024-12-04T22:10:08 IST" duration-ms="1068" status="PASS">
          <reporter-output>
          </reporter-output>
        </test-method> <!-- TC_2 -->
        <test-method is-config="true" signature="navigateToDashboard()[pri:0, instance:com.mk.testcases.DashboardTest@62163b39]" started-at="2024-12-04T22:10:08 IST" name="navigateToDashboard" finished-at="2024-12-04T22:10:08 IST" duration-ms="443" status="PASS">
          <reporter-output>
          </reporter-output>
        </test-method> <!-- navigateToDashboard -->
        <test-method signature="TC_3()[pri:0, instance:com.mk.testcases.DashboardTest@62163b39]" started-at="2024-12-04T22:10:08 IST" name="TC_3" finished-at="2024-12-04T22:10:10 IST" duration-ms="1761" status="PASS">
          <reporter-output>
          </reporter-output>
        </test-method> <!-- TC_3 -->
        <test-method is-config="true" signature="navigateToDashboard()[pri:0, instance:com.mk.testcases.DashboardTest@62163b39]" started-at="2024-12-04T22:10:10 IST" name="navigateToDashboard" finished-at="2024-12-04T22:10:11 IST" duration-ms="851" status="PASS">
          <reporter-output>
          </reporter-output>
        </test-method> <!-- navigateToDashboard -->
        <test-method signature="TC_4()[pri:0, instance:com.mk.testcases.DashboardTest@62163b39]" started-at="2024-12-04T22:10:11 IST" name="TC_4" finished-at="2024-12-04T22:10:14 IST" duration-ms="3310" status="FAIL">
          <exception class="java.lang.AssertionError">
            <message>
              <![CDATA[Assign Leave header text should be same. expected [Assign Leav] but found [Assign Leave]]]>
            </message>
            <full-stacktrace>
              <![CDATA[java.lang.AssertionError: Assign Leave header text should be same. expected [Assign Leav] but found [Assign Leave]
at org.testng.Assert.fail(Assert.java:99)
at org.testng.Assert.failNotEquals(Assert.java:1037)
at org.testng.Assert.assertEqualsImpl(Assert.java:140)
at org.testng.Assert.assertEquals(Assert.java:122)
at org.testng.Assert.assertEquals(Assert.java:629)
at com.mk.testcases.DashboardTest.TC_4(DashboardTest.java:148)
at java.base/jdk.internal.reflect.DirectMethodHandleAccessor.invoke(DirectMethodHandleAccessor.java:103)
at java.base/java.lang.reflect.Method.invoke(Method.java:580)
at org.testng.internal.MethodInvocationHelper.invokeMethod(MethodInvocationHelper.java:133)
at org.testng.internal.TestInvoker.invokeMethod(TestInvoker.java:598)
at org.testng.internal.TestInvoker.invokeTestMethod(TestInvoker.java:173)
at org.testng.internal.MethodRunner.runInSequence(MethodRunner.java:46)
at org.testng.internal.TestInvoker$MethodInvocationAgent.invoke(TestInvoker.java:824)
at org.testng.internal.TestInvoker.invokeTestMethods(TestInvoker.java:146)
at org.testng.internal.TestMethodWorker.invokeTestMethods(TestMethodWorker.java:146)
at org.testng.internal.TestMethodWorker.run(TestMethodWorker.java:128)
at java.base/java.util.ArrayList.forEach(ArrayList.java:1597)
at org.testng.TestRunner.privateRun(TestRunner.java:794)
at org.testng.TestRunner.run(TestRunner.java:596)
at org.testng.SuiteRunner.runTest(SuiteRunner.java:377)
at org.testng.SuiteRunner.runSequentially(SuiteRunner.java:371)
at org.testng.SuiteRunner.privateRun(SuiteRunner.java:332)
at org.testng.SuiteRunner.run(SuiteRunner.java:276)
at org.testng.SuiteRunnerWorker.runSuite(SuiteRunnerWorker.java:53)
at org.testng.SuiteRunnerWorker.run(SuiteRunnerWorker.java:96)
at org.testng.TestNG.runSuitesSequentially(TestNG.java:1212)
at org.testng.TestNG.runSuitesLocally(TestNG.java:1134)
at org.testng.TestNG.runSuites(TestNG.java:1063)
at org.testng.TestNG.run(TestNG.java:1031)
at org.testng.remote.AbstractRemoteTestNG.run(AbstractRemoteTestNG.java:115)
at org.testng.remote.RemoteTestNG.initAndRun(RemoteTestNG.java:293)
at org.testng.remote.RemoteTestNG.main(RemoteTestNG.java:91)
]]>
            </full-stacktrace>
          </exception> <!-- java.lang.AssertionError -->
          <reporter-output>
          </reporter-output>
        </test-method> <!-- TC_4 -->
        <test-method is-config="true" signature="navigateToDashboard()[pri:0, instance:com.mk.testcases.DashboardTest@62163b39]" started-at="2024-12-04T22:10:14 IST" name="navigateToDashboard" finished-at="2024-12-04T22:10:15 IST" duration-ms="456" status="PASS">
          <reporter-output>
          </reporter-output>
        </test-method> <!-- navigateToDashboard -->
        <test-method signature="TC_5()[pri:0, instance:com.mk.testcases.DashboardTest@62163b39]" started-at="2024-12-04T22:10:15 IST" name="TC_5" finished-at="2024-12-04T22:10:17 IST" duration-ms="2696" status="PASS">
          <reporter-output>
          </reporter-output>
        </test-method> <!-- TC_5 -->
        <test-method is-config="true" signature="navigateToDashboard()[pri:0, instance:com.mk.testcases.DashboardTest@62163b39]" started-at="2024-12-04T22:10:17 IST" name="navigateToDashboard" finished-at="2024-12-04T22:10:18 IST" duration-ms="461" status="PASS">
          <reporter-output>
          </reporter-output>
        </test-method> <!-- navigateToDashboard -->
        <test-method signature="TC_6()[pri:0, instance:com.mk.testcases.DashboardTest@62163b39]" started-at="2024-12-04T22:10:18 IST" name="TC_6" finished-at="2024-12-04T22:10:21 IST" duration-ms="2827" status="FAIL">
          <exception class="java.lang.AssertionError">
            <message>
              <![CDATA[Timesheet header text should match. expected [Timesheet] but found [Timesheets]]]>
            </message>
            <full-stacktrace>
              <![CDATA[java.lang.AssertionError: Timesheet header text should match. expected [Timesheet] but found [Timesheets]
at org.testng.Assert.fail(Assert.java:99)
at org.testng.Assert.failNotEquals(Assert.java:1037)
at org.testng.Assert.assertEqualsImpl(Assert.java:140)
at org.testng.Assert.assertEquals(Assert.java:122)
at org.testng.Assert.assertEquals(Assert.java:629)
at com.mk.testcases.DashboardTest.TC_6(DashboardTest.java:205)
at java.base/jdk.internal.reflect.DirectMethodHandleAccessor.invoke(DirectMethodHandleAccessor.java:103)
at java.base/java.lang.reflect.Method.invoke(Method.java:580)
at org.testng.internal.MethodInvocationHelper.invokeMethod(MethodInvocationHelper.java:133)
at org.testng.internal.TestInvoker.invokeMethod(TestInvoker.java:598)
at org.testng.internal.TestInvoker.invokeTestMethod(TestInvoker.java:173)
at org.testng.internal.MethodRunner.runInSequence(MethodRunner.java:46)
at org.testng.internal.TestInvoker$MethodInvocationAgent.invoke(TestInvoker.java:824)
at org.testng.internal.TestInvoker.invokeTestMethods(TestInvoker.java:146)
at org.testng.internal.TestMethodWorker.invokeTestMethods(TestMethodWorker.java:146)
at org.testng.internal.TestMethodWorker.run(TestMethodWorker.java:128)
at java.base/java.util.ArrayList.forEach(ArrayList.java:1597)
at org.testng.TestRunner.privateRun(TestRunner.java:794)
at org.testng.TestRunner.run(TestRunner.java:596)
at org.testng.SuiteRunner.runTest(SuiteRunner.java:377)
at org.testng.SuiteRunner.runSequentially(SuiteRunner.java:371)
at org.testng.SuiteRunner.privateRun(SuiteRunner.java:332)
at org.testng.SuiteRunner.run(SuiteRunner.java:276)
at org.testng.SuiteRunnerWorker.runSuite(SuiteRunnerWorker.java:53)
at org.testng.SuiteRunnerWorker.run(SuiteRunnerWorker.java:96)
at org.testng.TestNG.runSuitesSequentially(TestNG.java:1212)
at org.testng.TestNG.runSuitesLocally(TestNG.java:1134)
at org.testng.TestNG.runSuites(TestNG.java:1063)
at org.testng.TestNG.run(TestNG.java:1031)
at org.testng.remote.AbstractRemoteTestNG.run(AbstractRemoteTestNG.java:115)
at org.testng.remote.RemoteTestNG.initAndRun(RemoteTestNG.java:293)
at org.testng.remote.RemoteTestNG.main(RemoteTestNG.java:91)
]]>
            </full-stacktrace>
          </exception> <!-- java.lang.AssertionError -->
          <reporter-output>
          </reporter-output>
        </test-method> <!-- TC_6 -->
        <test-method is-config="true" signature="navigateToDashboard()[pri:0, instance:com.mk.testcases.DashboardTest@62163b39]" started-at="2024-12-04T22:10:21 IST" name="navigateToDashboard" finished-at="2024-12-04T22:10:21 IST" duration-ms="464" status="PASS">
          <reporter-output>
          </reporter-output>
        </test-method> <!-- navigateToDashboard -->
        <test-method signature="TC_7()[pri:0, instance:com.mk.testcases.DashboardTest@62163b39]" started-at="2024-12-04T22:10:21 IST" name="TC_7" finished-at="2024-12-04T22:10:24 IST" duration-ms="2984" status="PASS">
          <reporter-output>
          </reporter-output>
        </test-method> <!-- TC_7 -->
        <test-method is-config="true" signature="navigateToDashboard()[pri:0, instance:com.mk.testcases.DashboardTest@62163b39]" started-at="2024-12-04T22:10:24 IST" name="navigateToDashboard" finished-at="2024-12-04T22:10:25 IST" duration-ms="473" status="PASS">
          <reporter-output>
          </reporter-output>
        </test-method> <!-- navigateToDashboard -->
        <test-method signature="TC_8()[pri:0, instance:com.mk.testcases.DashboardTest@62163b39]" started-at="2024-12-04T22:10:25 IST" name="TC_8" finished-at="2024-12-04T22:10:27 IST" duration-ms="2732" status="FAIL">
          <exception class="java.lang.AssertionError">
            <message>
              <![CDATA[My Leave List header text should match. expected [My Leave Lis] but found [My Leave List]]]>
            </message>
            <full-stacktrace>
              <![CDATA[java.lang.AssertionError: My Leave List header text should match. expected [My Leave Lis] but found [My Leave List]
at org.testng.Assert.fail(Assert.java:99)
at org.testng.Assert.failNotEquals(Assert.java:1037)
at org.testng.Assert.assertEqualsImpl(Assert.java:140)
at org.testng.Assert.assertEquals(Assert.java:122)
at org.testng.Assert.assertEquals(Assert.java:629)
at com.mk.testcases.DashboardTest.TC_8(DashboardTest.java:258)
at java.base/jdk.internal.reflect.DirectMethodHandleAccessor.invoke(DirectMethodHandleAccessor.java:103)
at java.base/java.lang.reflect.Method.invoke(Method.java:580)
at org.testng.internal.MethodInvocationHelper.invokeMethod(MethodInvocationHelper.java:133)
at org.testng.internal.TestInvoker.invokeMethod(TestInvoker.java:598)
at org.testng.internal.TestInvoker.invokeTestMethod(TestInvoker.java:173)
at org.testng.internal.MethodRunner.runInSequence(MethodRunner.java:46)
at org.testng.internal.TestInvoker$MethodInvocationAgent.invoke(TestInvoker.java:824)
at org.testng.internal.TestInvoker.invokeTestMethods(TestInvoker.java:146)
at org.testng.internal.TestMethodWorker.invokeTestMethods(TestMethodWorker.java:146)
at org.testng.internal.TestMethodWorker.run(TestMethodWorker.java:128)
at java.base/java.util.ArrayList.forEach(ArrayList.java:1597)
at org.testng.TestRunner.privateRun(TestRunner.java:794)
at org.testng.TestRunner.run(TestRunner.java:596)
at org.testng.SuiteRunner.runTest(SuiteRunner.java:377)
at org.testng.SuiteRunner.runSequentially(SuiteRunner.java:371)
at org.testng.SuiteRunner.privateRun(SuiteRunner.java:332)
at org.testng.SuiteRunner.run(SuiteRunner.java:276)
at org.testng.SuiteRunnerWorker.runSuite(SuiteRunnerWorker.java:53)
at org.testng.SuiteRunnerWorker.run(SuiteRunnerWorker.java:96)
at org.testng.TestNG.runSuitesSequentially(TestNG.java:1212)
at org.testng.TestNG.runSuitesLocally(TestNG.java:1134)
at org.testng.TestNG.runSuites(TestNG.java:1063)
at org.testng.TestNG.run(TestNG.java:1031)
at org.testng.remote.AbstractRemoteTestNG.run(AbstractRemoteTestNG.java:115)
at org.testng.remote.RemoteTestNG.initAndRun(RemoteTestNG.java:293)
at org.testng.remote.RemoteTestNG.main(RemoteTestNG.java:91)
]]>
            </full-stacktrace>
          </exception> <!-- java.lang.AssertionError -->
          <reporter-output>
          </reporter-output>
        </test-method> <!-- TC_8 -->
        <test-method is-config="true" signature="navigateToDashboard()[pri:0, instance:com.mk.testcases.DashboardTest@62163b39]" started-at="2024-12-04T22:10:27 IST" name="navigateToDashboard" finished-at="2024-12-04T22:10:28 IST" duration-ms="455" status="PASS">
          <reporter-output>
          </reporter-output>
        </test-method> <!-- navigateToDashboard -->
        <test-method signature="TC_9()[pri:0, instance:com.mk.testcases.DashboardTest@62163b39]" started-at="2024-12-04T22:10:28 IST" name="TC_9" finished-at="2024-12-04T22:10:31 IST" duration-ms="2953" status="PASS">
          <reporter-output>
          </reporter-output>
        </test-method> <!-- TC_9 -->
        <test-method is-config="true" signature="navigateToDashboard()[pri:0, instance:com.mk.testcases.DashboardTest@62163b39]" started-at="2024-12-04T22:10:31 IST" name="navigateToDashboard" finished-at="2024-12-04T22:10:31 IST" duration-ms="470" status="PASS">
          <reporter-output>
          </reporter-output>
        </test-method> <!-- navigateToDashboard -->
        <test-method is-config="true" signature="tearDown()[pri:0, instance:com.mk.testcases.DashboardTest@62163b39]" started-at="2024-12-04T22:10:31 IST" name="tearDown" finished-at="2024-12-04T22:10:33 IST" duration-ms="1515" status="PASS">
          <reporter-output>
          </reporter-output>
        </test-method> <!-- tearDown -->
      </class> <!-- com.mk.testcases.DashboardTest -->
      <class name="com.mk.testcases.LoginTest">
        <test-method is-config="true" signature="setUp()[pri:0, instance:com.mk.testcases.LoginTest@56a4479a]" started-at="2024-12-04T22:09:10 IST" name="setUp" finished-at="2024-12-04T22:09:15 IST" duration-ms="5409" status="PASS">
          <reporter-output>
          </reporter-output>
        </test-method> <!-- setUp -->
        <test-method signature="loginTest(java.lang.String,java.lang.String)[pri:0, instance:com.mk.testcases.LoginTest@56a4479a]" started-at="2024-12-04T22:09:17 IST" name="loginTest" data-provider="loginData" finished-at="2024-12-04T22:09:19 IST" duration-ms="2275" status="PASS">
          <params>
            <param index="0">
              <value>
                <![CDATA[invalidUser]]>
              </value>
            </param>
            <param index="1">
              <value>
                <![CDATA[admin123]]>
              </value>
            </param>
          </params>
          <reporter-output>
          </reporter-output>
        </test-method> <!-- loginTest -->
        <test-method is-config="true" signature="initiallizingback()[pri:0, instance:com.mk.testcases.LoginTest@56a4479a]" started-at="2024-12-04T22:09:19 IST" name="initiallizingback" finished-at="2024-12-04T22:09:20 IST" duration-ms="387" status="PASS">
          <reporter-output>
          </reporter-output>
        </test-method> <!-- initiallizingback -->
        <test-method signature="loginTest(java.lang.String,java.lang.String)[pri:0, instance:com.mk.testcases.LoginTest@56a4479a]" started-at="2024-12-04T22:09:20 IST" name="loginTest" data-provider="loginData" finished-at="2024-12-04T22:09:23 IST" duration-ms="2979" status="PASS">
          <params>
            <param index="0">
              <value>
                <![CDATA[Admin]]>
              </value>
            </param>
            <param index="1">
              <value>
                <![CDATA[invalidPass123]]>
              </value>
            </param>
          </params>
          <reporter-output>
          </reporter-output>
        </test-method> <!-- loginTest -->
        <test-method is-config="true" signature="initiallizingback()[pri:0, instance:com.mk.testcases.LoginTest@56a4479a]" started-at="2024-12-04T22:09:23 IST" name="initiallizingback" finished-at="2024-12-04T22:09:23 IST" duration-ms="413" status="PASS">
          <reporter-output>
          </reporter-output>
        </test-method> <!-- initiallizingback -->
        <test-method signature="loginTest(java.lang.String,java.lang.String)[pri:0, instance:com.mk.testcases.LoginTest@56a4479a]" started-at="2024-12-04T22:09:23 IST" name="loginTest" data-provider="loginData" finished-at="2024-12-04T22:09:25 IST" duration-ms="2134" status="PASS">
          <params>
            <param index="0">
              <value>
                <![CDATA[NA]]>
              </value>
            </param>
            <param index="1">
              <value>
                <![CDATA[admin123]]>
              </value>
            </param>
          </params>
          <reporter-output>
          </reporter-output>
        </test-method> <!-- loginTest -->
        <test-method is-config="true" signature="initiallizingback()[pri:0, instance:com.mk.testcases.LoginTest@56a4479a]" started-at="2024-12-04T22:09:25 IST" name="initiallizingback" finished-at="2024-12-04T22:09:26 IST" duration-ms="409" status="PASS">
          <reporter-output>
          </reporter-output>
        </test-method> <!-- initiallizingback -->
        <test-method signature="loginTest(java.lang.String,java.lang.String)[pri:0, instance:com.mk.testcases.LoginTest@56a4479a]" started-at="2024-12-04T22:09:26 IST" name="loginTest" data-provider="loginData" finished-at="2024-12-04T22:09:28 IST" duration-ms="2173" status="PASS">
          <params>
            <param index="0">
              <value>
                <![CDATA[Admin!@#]]>
              </value>
            </param>
            <param index="1">
              <value>
                <![CDATA[admin123]]>
              </value>
            </param>
          </params>
          <reporter-output>
          </reporter-output>
        </test-method> <!-- loginTest -->
        <test-method is-config="true" signature="initiallizingback()[pri:0, instance:com.mk.testcases.LoginTest@56a4479a]" started-at="2024-12-04T22:09:28 IST" name="initiallizingback" finished-at="2024-12-04T22:09:28 IST" duration-ms="387" status="PASS">
          <reporter-output>
          </reporter-output>
        </test-method> <!-- initiallizingback -->
        <test-method signature="loginTest(java.lang.String,java.lang.String)[pri:0, instance:com.mk.testcases.LoginTest@56a4479a]" started-at="2024-12-04T22:09:28 IST" name="loginTest" data-provider="loginData" finished-at="2024-12-04T22:09:41 IST" duration-ms="12390" status="PASS">
          <params>
            <param index="0">
              <value>
                <![CDATA[Admin]]>
              </value>
            </param>
            <param index="1">
              <value>
                <![CDATA[admin123]]>
              </value>
            </param>
          </params>
          <reporter-output>
          </reporter-output>
        </test-method> <!-- loginTest -->
        <test-method is-config="true" signature="initiallizingback()[pri:0, instance:com.mk.testcases.LoginTest@56a4479a]" started-at="2024-12-04T22:09:41 IST" name="initiallizingback" finished-at="2024-12-04T22:09:42 IST" duration-ms="1205" status="PASS">
          <reporter-output>
          </reporter-output>
        </test-method> <!-- initiallizingback -->
        <test-method is-config="true" signature="tearDown()[pri:0, instance:com.mk.testcases.LoginTest@56a4479a]" started-at="2024-12-04T22:09:42 IST" name="tearDown" finished-at="2024-12-04T22:09:43 IST" duration-ms="1616" status="PASS">
          <reporter-output>
          </reporter-output>
        </test-method> <!-- tearDown -->
      </class> <!-- com.mk.testcases.LoginTest -->
      <class name="com.mk.testcases.Herokuapptestcases">
        <test-method is-config="true" signature="setup()[pri:0, instance:com.mk.testcases.Herokuapptestcases@57fd91c9]" started-at="2024-12-04T22:08:14 IST" name="setup" finished-at="2024-12-04T22:08:24 IST" duration-ms="10152" status="PASS">
          <reporter-output>
          </reporter-output>
        </test-method> <!-- setup -->
        <test-method signature="addRemoveElements()[pri:0, instance:com.mk.testcases.Herokuapptestcases@57fd91c9]" started-at="2024-12-04T22:08:24 IST" name="addRemoveElements" finished-at="2024-12-04T22:08:30 IST" duration-ms="5777" status="FAIL">
          <exception class="java.lang.AssertionError">
            <message>
              <![CDATA[Number of 'Delete' buttons remaining is incorrect. expected [3] but found [2]]]>
            </message>
            <full-stacktrace>
              <![CDATA[java.lang.AssertionError: Number of 'Delete' buttons remaining is incorrect. expected [3] but found [2]
at org.testng.Assert.fail(Assert.java:99)
at org.testng.Assert.failNotEquals(Assert.java:1037)
at org.testng.Assert.assertEqualsImpl(Assert.java:140)
at org.testng.Assert.assertEquals(Assert.java:122)
at org.testng.Assert.assertEquals(Assert.java:907)
at com.mk.testcases.Herokuapptestcases.addRemoveElements(Herokuapptestcases.java:89)
at java.base/jdk.internal.reflect.DirectMethodHandleAccessor.invoke(DirectMethodHandleAccessor.java:103)
at java.base/java.lang.reflect.Method.invoke(Method.java:580)
at org.testng.internal.MethodInvocationHelper.invokeMethod(MethodInvocationHelper.java:133)
at org.testng.internal.TestInvoker.invokeMethod(TestInvoker.java:598)
at org.testng.internal.TestInvoker.invokeTestMethod(TestInvoker.java:173)
at org.testng.internal.MethodRunner.runInSequence(MethodRunner.java:46)
at org.testng.internal.TestInvoker$MethodInvocationAgent.invoke(TestInvoker.java:824)
at org.testng.internal.TestInvoker.invokeTestMethods(TestInvoker.java:146)
at org.testng.internal.TestMethodWorker.invokeTestMethods(TestMethodWorker.java:146)
at org.testng.internal.TestMethodWorker.run(TestMethodWorker.java:128)
at java.base/java.util.ArrayList.forEach(ArrayList.java:1597)
at org.testng.TestRunner.privateRun(TestRunner.java:794)
at org.testng.TestRunner.run(TestRunner.java:596)
at org.testng.SuiteRunner.runTest(SuiteRunner.java:377)
at org.testng.SuiteRunner.runSequentially(SuiteRunner.java:371)
at org.testng.SuiteRunner.privateRun(SuiteRunner.java:332)
at org.testng.SuiteRunner.run(SuiteRunner.java:276)
at org.testng.SuiteRunnerWorker.runSuite(SuiteRunnerWorker.java:53)
at org.testng.SuiteRunnerWorker.run(SuiteRunnerWorker.java:96)
at org.testng.TestNG.runSuitesSequentially(TestNG.java:1212)
at org.testng.TestNG.runSuitesLocally(TestNG.java:1134)
at org.testng.TestNG.runSuites(TestNG.java:1063)
at org.testng.TestNG.run(TestNG.java:1031)
at org.testng.remote.AbstractRemoteTestNG.run(AbstractRemoteTestNG.java:115)
at org.testng.remote.RemoteTestNG.initAndRun(RemoteTestNG.java:293)
at org.testng.remote.RemoteTestNG.main(RemoteTestNG.java:91)
]]>
            </full-stacktrace>
          </exception> <!-- java.lang.AssertionError -->
          <reporter-output>
          </reporter-output>
        </test-method> <!-- addRemoveElements -->
        <test-method signature="checkFirstRowData()[pri:0, instance:com.mk.testcases.Herokuapptestcases@57fd91c9]" started-at="2024-12-04T22:08:30 IST" name="checkFirstRowData" finished-at="2024-12-04T22:08:32 IST" duration-ms="1292" status="PASS">
          <reporter-output>
          </reporter-output>
        </test-method> <!-- checkFirstRowData -->
        <test-method signature="getextfromShadowDOM()[pri:0, instance:com.mk.testcases.Herokuapptestcases@57fd91c9]" started-at="2024-12-04T22:08:32 IST" name="getextfromShadowDOM" finished-at="2024-12-04T22:08:32 IST" duration-ms="843" status="PASS">
          <reporter-output>
          </reporter-output>
        </test-method> <!-- getextfromShadowDOM -->
        <test-method signature="testCheckboxRemoveAndAdd()[pri:0, instance:com.mk.testcases.Herokuapptestcases@57fd91c9]" started-at="2024-12-04T22:08:32 IST" name="testCheckboxRemoveAndAdd" finished-at="2024-12-04T22:08:40 IST" duration-ms="8082" status="PASS">
          <reporter-output>
          </reporter-output>
        </test-method> <!-- testCheckboxRemoveAndAdd -->
        <test-method signature="testNewWindowText()[pri:0, instance:com.mk.testcases.Herokuapptestcases@57fd91c9]" started-at="2024-12-04T22:08:40 IST" name="testNewWindowText" finished-at="2024-12-04T22:08:43 IST" duration-ms="2056" status="PASS">
          <reporter-output>
          </reporter-output>
        </test-method> <!-- testNewWindowText -->
        <test-method signature="testShadowDom()[pri:0, instance:com.mk.testcases.Herokuapptestcases@57fd91c9]" started-at="2024-12-04T22:08:43 IST" name="testShadowDom" finished-at="2024-12-04T22:08:43 IST" duration-ms="666" status="PASS">
          <reporter-output>
          </reporter-output>
        </test-method> <!-- testShadowDom -->
        <test-method signature="testTableHeaders()[pri:0, instance:com.mk.testcases.Herokuapptestcases@57fd91c9]" started-at="2024-12-04T22:08:43 IST" name="testTableHeaders" finished-at="2024-12-04T22:08:45 IST" duration-ms="1301" status="PASS">
          <reporter-output>
          </reporter-output>
        </test-method> <!-- testTableHeaders -->
        <test-method signature="validateBrokenImages()[pri:0, instance:com.mk.testcases.Herokuapptestcases@57fd91c9]" started-at="2024-12-04T22:08:45 IST" name="validateBrokenImages" finished-at="2024-12-04T22:08:49 IST" duration-ms="4018" status="PASS">
          <reporter-output>
          </reporter-output>
        </test-method> <!-- validateBrokenImages -->
        <test-method signature="validateCheckboxes()[pri:0, instance:com.mk.testcases.Herokuapptestcases@57fd91c9]" started-at="2024-12-04T22:08:49 IST" name="validateCheckboxes" finished-at="2024-12-04T22:08:50 IST" duration-ms="1665" status="PASS">
          <reporter-output>
          </reporter-output>
        </test-method> <!-- validateCheckboxes -->
        <test-method signature="validateContextMenuAlert()[pri:0, instance:com.mk.testcases.Herokuapptestcases@57fd91c9]" started-at="2024-12-04T22:08:50 IST" name="validateContextMenuAlert" finished-at="2024-12-04T22:08:52 IST" duration-ms="1387" status="FAIL">
          <exception class="java.lang.AssertionError">
            <message>
              <![CDATA[Alert not accepted.]]>
            </message>
            <full-stacktrace>
              <![CDATA[java.lang.AssertionError: Alert not accepted.
at org.testng.Assert.fail(Assert.java:99)
at com.mk.testcases.Herokuapptestcases.validateContextMenuAlert(Herokuapptestcases.java:351)
at java.base/jdk.internal.reflect.DirectMethodHandleAccessor.invoke(DirectMethodHandleAccessor.java:103)
at java.base/java.lang.reflect.Method.invoke(Method.java:580)
at org.testng.internal.MethodInvocationHelper.invokeMethod(MethodInvocationHelper.java:133)
at org.testng.internal.TestInvoker.invokeMethod(TestInvoker.java:598)
at org.testng.internal.TestInvoker.invokeTestMethod(TestInvoker.java:173)
at org.testng.internal.MethodRunner.runInSequence(MethodRunner.java:46)
at org.testng.internal.TestInvoker$MethodInvocationAgent.invoke(TestInvoker.java:824)
at org.testng.internal.TestInvoker.invokeTestMethods(TestInvoker.java:146)
at org.testng.internal.TestMethodWorker.invokeTestMethods(TestMethodWorker.java:146)
at org.testng.internal.TestMethodWorker.run(TestMethodWorker.java:128)
at java.base/java.util.ArrayList.forEach(ArrayList.java:1597)
at org.testng.TestRunner.privateRun(TestRunner.java:794)
at org.testng.TestRunner.run(TestRunner.java:596)
at org.testng.SuiteRunner.runTest(SuiteRunner.java:377)
at org.testng.SuiteRunner.runSequentially(SuiteRunner.java:371)
at org.testng.SuiteRunner.privateRun(SuiteRunner.java:332)
at org.testng.SuiteRunner.run(SuiteRunner.java:276)
at org.testng.SuiteRunnerWorker.runSuite(SuiteRunnerWorker.java:53)
at org.testng.SuiteRunnerWorker.run(SuiteRunnerWorker.java:96)
at org.testng.TestNG.runSuitesSequentially(TestNG.java:1212)
at org.testng.TestNG.runSuitesLocally(TestNG.java:1134)
at org.testng.TestNG.runSuites(TestNG.java:1063)
at org.testng.TestNG.run(TestNG.java:1031)
at org.testng.remote.AbstractRemoteTestNG.run(AbstractRemoteTestNG.java:115)
at org.testng.remote.RemoteTestNG.initAndRun(RemoteTestNG.java:293)
at org.testng.remote.RemoteTestNG.main(RemoteTestNG.java:91)
]]>
            </full-stacktrace>
          </exception> <!-- java.lang.AssertionError -->
          <reporter-output>
          </reporter-output>
        </test-method> <!-- validateContextMenuAlert -->
        <test-method signature="validateDragAndDrop()[pri:0, instance:com.mk.testcases.Herokuapptestcases@57fd91c9]" started-at="2024-12-04T22:08:52 IST" name="validateDragAndDrop" finished-at="2024-12-04T22:08:53 IST" duration-ms="1086" status="PASS">
          <reporter-output>
          </reporter-output>
        </test-method> <!-- validateDragAndDrop -->
        <test-method signature="validateDropdown()[pri:0, instance:com.mk.testcases.Herokuapptestcases@57fd91c9]" started-at="2024-12-04T22:08:53 IST" name="validateDropdown" finished-at="2024-12-04T22:08:54 IST" duration-ms="1243" status="PASS">
          <reporter-output>
          </reporter-output>
        </test-method> <!-- validateDropdown -->
        <test-method signature="validateEmailColumnFormat()[pri:0, instance:com.mk.testcases.Herokuapptestcases@57fd91c9]" started-at="2024-12-04T22:08:54 IST" name="validateEmailColumnFormat" finished-at="2024-12-04T22:08:55 IST" duration-ms="1505" status="PASS">
          <reporter-output>
          </reporter-output>
        </test-method> <!-- validateEmailColumnFormat -->
        <test-method signature="validateFileUpload()[pri:0, instance:com.mk.testcases.Herokuapptestcases@57fd91c9]" started-at="2024-12-04T22:08:55 IST" name="validateFileUpload" finished-at="2024-12-04T22:08:57 IST" duration-ms="1928" status="PASS">
          <reporter-output>
          </reporter-output>
        </test-method> <!-- validateFileUpload -->
        <test-method signature="validateJSAlert()[pri:0, instance:com.mk.testcases.Herokuapptestcases@57fd91c9]" started-at="2024-12-04T22:08:57 IST" name="validateJSAlert" finished-at="2024-12-04T22:08:58 IST" duration-ms="1002" status="PASS">
          <reporter-output>
          </reporter-output>
        </test-method> <!-- validateJSAlert -->
        <test-method signature="validateJSConfirm()[pri:0, instance:com.mk.testcases.Herokuapptestcases@57fd91c9]" started-at="2024-12-04T22:08:58 IST" name="validateJSConfirm" finished-at="2024-12-04T22:08:59 IST" duration-ms="1100" status="PASS">
          <reporter-output>
          </reporter-output>
        </test-method> <!-- validateJSConfirm -->
        <test-method signature="validateJSPrompt()[pri:0, instance:com.mk.testcases.Herokuapptestcases@57fd91c9]" started-at="2024-12-04T22:08:59 IST" name="validateJSPrompt" finished-at="2024-12-04T22:09:01 IST" duration-ms="1749" status="PASS">
          <reporter-output>
          </reporter-output>
        </test-method> <!-- validateJSPrompt -->
        <test-method signature="validateLastNameSorting()[pri:0, instance:com.mk.testcases.Herokuapptestcases@57fd91c9]" started-at="2024-12-04T22:09:01 IST" name="validateLastNameSorting" finished-at="2024-12-04T22:09:02 IST" duration-ms="1128" status="PASS">
          <reporter-output>
          </reporter-output>
        </test-method> <!-- validateLastNameSorting -->
        <test-method signature="validateTinyMceEditor()[pri:0, instance:com.mk.testcases.Herokuapptestcases@57fd91c9]" started-at="2024-12-04T22:09:02 IST" name="validateTinyMceEditor" finished-at="2024-12-04T22:09:05 IST" duration-ms="2172" status="PASS">
          <reporter-output>
          </reporter-output>
        </test-method> <!-- validateTinyMceEditor -->
        <test-method signature="verifyTextInFrames()[pri:0, instance:com.mk.testcases.Herokuapptestcases@57fd91c9]" started-at="2024-12-04T22:09:05 IST" name="verifyTextInFrames" finished-at="2024-12-04T22:09:07 IST" duration-ms="2946" status="PASS">
          <reporter-output>
          </reporter-output>
        </test-method> <!-- verifyTextInFrames -->
        <test-method is-config="true" signature="tearDown()[pri:0, instance:com.mk.testcases.Herokuapptestcases@57fd91c9]" started-at="2024-12-04T22:09:07 IST" name="tearDown" finished-at="2024-12-04T22:09:10 IST" duration-ms="2163" status="PASS">
          <reporter-output>
          </reporter-output>
        </test-method> <!-- tearDown -->
        <test-method is-config="true" signature="aftersuite()[pri:0, instance:com.mk.testcases.Herokuapptestcases@57fd91c9]" started-at="2024-12-04T22:10:33 IST" name="aftersuite" finished-at="2024-12-04T22:10:35 IST" duration-ms="2068" status="PASS">
          <reporter-output>
          </reporter-output>
        </test-method> <!-- aftersuite -->
      </class> <!-- com.mk.testcases.Herokuapptestcases -->
    </test> <!-- Test -->
  </suite> <!-- Suite -->
</testng-results>
