<?xml version="1.0" encoding="UTF-8"?>
<testng-results ignored="0" total="4" passed="4" failed="0" skipped="0">
  <reporter-output>
  </reporter-output>
  <suite started-at="2024-10-12T21:50:59 IST" name="Suite" finished-at="2024-10-12T21:51:10 IST" duration-ms="11478">
    <groups>
    </groups>
    <test started-at="2024-10-12T21:50:59 IST" name="Test" finished-at="2024-10-12T21:51:10 IST" duration-ms="11478">
      <class name="api.test.UserTests">
        <test-method is-config="true" signature="setupData()[pri:0, instance:api.test.UserTests@6253c26]" started-at="2024-10-12T21:51:00 IST" name="setupData" finished-at="2024-10-12T21:51:00 IST" duration-ms="530" status="PASS">
          <reporter-output>
          </reporter-output>
        </test-method> <!-- setupData -->
        <test-method signature="testPostUser()[pri:1, instance:api.test.UserTests@6253c26]" started-at="2024-10-12T21:51:00 IST" name="testPostUser" finished-at="2024-10-12T21:51:06 IST" duration-ms="5492" status="PASS">
          <reporter-output>
          </reporter-output>
        </test-method> <!-- testPostUser -->
        <test-method signature="testGetUserByName()[pri:2, instance:api.test.UserTests@6253c26]" started-at="2024-10-12T21:51:06 IST" name="testGetUserByName" finished-at="2024-10-12T21:51:07 IST" duration-ms="1203" status="PASS">
          <reporter-output>
          </reporter-output>
        </test-method> <!-- testGetUserByName -->
        <test-method signature="testupdateUserByName()[pri:3, instance:api.test.UserTests@6253c26]" started-at="2024-10-12T21:51:07 IST" name="testupdateUserByName" finished-at="2024-10-12T21:51:09 IST" duration-ms="2321" status="PASS">
          <reporter-output>
          </reporter-output>
        </test-method> <!-- testupdateUserByName -->
        <test-method signature="testDeleteUserByName()[pri:4, instance:api.test.UserTests@6253c26]" started-at="2024-10-12T21:51:09 IST" name="testDeleteUserByName" finished-at="2024-10-12T21:51:10 IST" duration-ms="1126" status="PASS">
          <reporter-output>
          </reporter-output>
        </test-method> <!-- testDeleteUserByName -->
      </class> <!-- api.test.UserTests -->
    </test> <!-- Test -->
  </suite> <!-- Suite -->
</testng-results>
