<?xml version="1.0" encoding="UTF-8"?>
<!-- Generated by org.testng.reporters.JUnitXMLReporter -->
<testsuite ignored="0" hostname="DESKTOP-RCCV6C2" failures="0" tests="4" name="Test" time="11.478" errors="0" timestamp="2024-10-12T21:51:10 IST">
  <testcase classname="api.test.UserTests" name="testPostUser" time="5.492"/>
  <testcase classname="api.test.UserTests" name="testGetUserByName" time="1.203"/>
  <testcase classname="api.test.UserTests" name="testupdateUserByName" time="2.321"/>
  <testcase classname="api.test.UserTests" name="testDeleteUserByName" time="1.126"/>
</testsuite> <!-- Test -->
